                      :-) GROMACS - gmx mdrun, 2019.3 (-:

                            GROMACS is written by:
     Emile Apol      Rossen Apostolov      Paul Bauer     Herman J.C. Berendsen
    Par Bjelkmar      Christian Blau   Viacheslav Bolnykh     Kevin Boyd    
 Aldert van Buuren   Rudi van Drunen     Anton Feenstra       Alan Gray     
  Gerrit Groenhof     Anca Hamuraru    Vincent Hindriksen  M. Eric Irrgang  
  Aleksei Iupinov   Christoph Junghans     Joe Jordan     Dimitrios Karkoulis
    Peter Kasson        Jiri Kraus      Carsten Kutzner      Per Larsson    
  Justin A. Lemkul    Viveca Lindahl    Magnus Lundborg     Erik Marklund   
    Pascal Merz     Pieter Meulenhoff    Teemu Murtola       Szilard Pall   
    Sander Pronk      Roland Schulz      Michael Shirts    Alexey Shvetsov  
   Alfons Sijbers     Peter Tieleman      Jon Vincent      Teemu Virolainen 
 Christian Wennberg    Maarten Wolf   
                           and the project leaders:
        Mark Abraham, Berk Hess, Erik Lindahl, and David van der Spoel

Copyright (c) 1991-2000, University of Groningen, The Netherlands.
Copyright (c) 2001-2018, The GROMACS development team at
Uppsala University, Stockholm University and
the Royal Institute of Technology, Sweden.
check out http://www.gromacs.org for more information.

GROMACS is free software; you can redistribute it and/or modify it
under the terms of the GNU Lesser General Public License
as published by the Free Software Foundation; either version 2.1
of the License, or (at your option) any later version.

GROMACS:      gmx mdrun, version 2019.3
Executable:   /scratch/shared/maximem/7240432/./gmx_mpi
Data prefix:  /home/maximem/gromacs-2019.3/install
Working dir:  /scratch/shared/maximem/7240432
Process ID:   29510
Command line:
  gmx_mpi mdrun -s ion_channel.tpr -maxh 0.50 -resethway -noconfout -nsteps 10000 -g 7240432_gromacs_ion_channel_2N_16P_4T_extrae-ldpreload.log

GROMACS version:    2019.3
Precision:          single
Memory model:       64 bit
MPI library:        MPI
OpenMP support:     enabled (GMX_OPENMP_MAX_THREADS = 64)
GPU support:        disabled
SIMD instructions:  AVX2_256
FFT library:        fftw-3.3.8-sse2-avx
RDTSCP usage:       enabled
TNG support:        enabled
Hwloc support:      hwloc-1.11.10
Tracing support:    disabled
C compiler:         /hpc/eb/compilerwrappers/compilers/mpicc GNU 7.3.0
C compiler flags:    -mavx2 -mfma   -march=broadwell  -O2 -g -DNDEBUG -funroll-all-loops -fexcess-precision=fast  
C++ compiler:       /hpc/eb/compilerwrappers/compilers/mpicxx GNU 7.3.0
C++ compiler flags:  -mavx2 -mfma   -march=broadwell -std=c++11   -O2 -g -DNDEBUG -funroll-all-loops -fexcess-precision=fast  


Running on 2 nodes with total 64 cores, 64 logical cores
  Cores per node:           32
  Logical cores per node:   32
Hardware detected on host tcn1677.bullx (the node of MPI rank 0):
  CPU info:
    Vendor: Intel
    Brand:  Intel(R) Xeon(R) CPU E5-2697A v4 @ 2.60GHz
    Family: 6   Model: 79   Stepping: 1
    Features: aes apic avx avx2 clfsh cmov cx8 cx16 f16c fma hle htt intel lahf mmx msr nonstop_tsc pcid pclmuldq pdcm pdpe1gb popcnt pse rdrnd rdtscp rtm sse2 sse3 sse4.1 sse4.2 ssse3 tdt x2apic
  Hardware topology: Full, with devices
    Sockets, cores, and logical processors:
      Socket  0: [   0] [   1] [   2] [   3] [   4] [   5] [   6] [   7] [   8] [   9] [  10] [  11] [  12] [  13] [  14] [  15]
      Socket  1: [  16] [  17] [  18] [  19] [  20] [  21] [  22] [  23] [  24] [  25] [  26] [  27] [  28] [  29] [  30] [  31]
    Numa nodes:
      Node  0 (33963134976 bytes mem):   0   1   2   3   4   5   6   7   8   9  10  11  12  13  14  15
      Node  1 (34359738368 bytes mem):  16  17  18  19  20  21  22  23  24  25  26  27  28  29  30  31
      Latency:
               0     1
         0  1.00  2.10
         1  2.10  1.00
    Caches:
      L1: 32768 bytes, linesize 64 bytes, assoc. 8, shared 1 ways
      L2: 262144 bytes, linesize 64 bytes, assoc. 8, shared 1 ways
      L3: 41943040 bytes, linesize 64 bytes, assoc. 20, shared 16 ways
    PCI devices:
      0000:02:00.0  Id: 15b3:1013  Class: 0x0207  Numa: 0
      0000:04:00.0  Id: 102b:0522  Class: 0x0300  Numa: 0
      0000:05:00.0  Id: 8086:1523  Class: 0x0200  Numa: 0
      0000:05:00.1  Id: 8086:1523  Class: 0x0200  Numa: 0
      0000:00:1f.2  Id: 8086:8d02  Class: 0x0106  Numa: 0


++++ PLEASE READ AND CITE THE FOLLOWING REFERENCE ++++
M. J. Abraham, T. Murtola, R. Schulz, S. Páll, J. C. Smith, B. Hess, E.
Lindahl
GROMACS: High performance molecular simulations through multi-level
parallelism from laptops to supercomputers
SoftwareX 1 (2015) pp. 19-25
-------- -------- --- Thank You --- -------- --------


++++ PLEASE READ AND CITE THE FOLLOWING REFERENCE ++++
S. Páll, M. J. Abraham, C. Kutzner, B. Hess, E. Lindahl
Tackling Exascale Software Challenges in Molecular Dynamics Simulations with
GROMACS
In S. Markidis & E. Laure (Eds.), Solving Software Challenges for Exascale 8759 (2015) pp. 3-27
-------- -------- --- Thank You --- -------- --------


++++ PLEASE READ AND CITE THE FOLLOWING REFERENCE ++++
S. Pronk, S. Páll, R. Schulz, P. Larsson, P. Bjelkmar, R. Apostolov, M. R.
Shirts, J. C. Smith, P. M. Kasson, D. van der Spoel, B. Hess, and E. Lindahl
GROMACS 4.5: a high-throughput and highly parallel open source molecular
simulation toolkit
Bioinformatics 29 (2013) pp. 845-54
-------- -------- --- Thank You --- -------- --------


++++ PLEASE READ AND CITE THE FOLLOWING REFERENCE ++++
B. Hess and C. Kutzner and D. van der Spoel and E. Lindahl
GROMACS 4: Algorithms for highly efficient, load-balanced, and scalable
molecular simulation
J. Chem. Theory Comput. 4 (2008) pp. 435-447
-------- -------- --- Thank You --- -------- --------


++++ PLEASE READ AND CITE THE FOLLOWING REFERENCE ++++
D. van der Spoel, E. Lindahl, B. Hess, G. Groenhof, A. E. Mark and H. J. C.
Berendsen
GROMACS: Fast, Flexible and Free
J. Comp. Chem. 26 (2005) pp. 1701-1719
-------- -------- --- Thank You --- -------- --------


++++ PLEASE READ AND CITE THE FOLLOWING REFERENCE ++++
E. Lindahl and B. Hess and D. van der Spoel
GROMACS 3.0: A package for molecular simulation and trajectory analysis
J. Mol. Mod. 7 (2001) pp. 306-317
-------- -------- --- Thank You --- -------- --------


++++ PLEASE READ AND CITE THE FOLLOWING REFERENCE ++++
H. J. C. Berendsen, D. van der Spoel and R. van Drunen
GROMACS: A message-passing parallel molecular dynamics implementation
Comp. Phys. Comm. 91 (1995) pp. 43-56
-------- -------- --- Thank You --- -------- --------


++++ PLEASE CITE THE DOI FOR THIS VERSION OF GROMACS ++++
https://doi.org/10.5281/zenodo.3243833
-------- -------- --- Thank You --- -------- --------


The number of OpenMP threads was set by environment variable OMP_NUM_THREADS to 4

Input Parameters:
   integrator                     = md
   tinit                          = 0
   dt                             = 0.0025
   nsteps                         = 50000
   init-step                      = 0
   simulation-part                = 1
   comm-mode                      = Linear
   nstcomm                        = 100
   bd-fric                        = 0
   ld-seed                        = 918425112
   emtol                          = 10
   emstep                         = 0.01
   niter                          = 20
   fcstep                         = 0
   nstcgsteep                     = 1000
   nbfgscorr                      = 10
   rtpi                           = 0.05
   nstxout                        = 0
   nstvout                        = 0
   nstfout                        = 0
   nstlog                         = 0
   nstcalcenergy                  = 10
   nstenergy                      = 0
   nstxout-compressed             = 0
   compressed-x-precision         = 1000
   cutoff-scheme                  = Verlet
   nstlist                        = 10
   ns-type                        = Grid
   pbc                            = xyz
   periodic-molecules             = false
   verlet-buffer-tolerance        = 0.005
   rlist                          = 1
   coulombtype                    = PME
   coulomb-modifier               = Potential-shift
   rcoulomb-switch                = 0
   rcoulomb                       = 1
   epsilon-r                      = 1
   epsilon-rf                     = 1
   vdw-type                       = Cut-off
   vdw-modifier                   = Potential-shift
   rvdw-switch                    = 0
   rvdw                           = 1
   DispCorr                       = EnerPres
   table-extension                = 1
   fourierspacing                 = 0.12
   fourier-nx                     = 96
   fourier-ny                     = 96
   fourier-nz                     = 128
   pme-order                      = 4
   ewald-rtol                     = 1e-05
   ewald-rtol-lj                  = 0.001
   lj-pme-comb-rule               = Geometric
   ewald-geometry                 = 0
   epsilon-surface                = 0
   tcoupl                         = V-rescale
   nsttcouple                     = 10
   nh-chain-length                = 0
   print-nose-hoover-chain-variables = false
   pcoupl                         = No
   pcoupltype                     = Semiisotropic
   nstpcouple                     = -1
   tau-p                          = 5
   compressibility (3x3):
      compressibility[    0]={ 0.00000e+00,  0.00000e+00,  0.00000e+00}
      compressibility[    1]={ 0.00000e+00,  0.00000e+00,  0.00000e+00}
      compressibility[    2]={ 0.00000e+00,  0.00000e+00,  0.00000e+00}
   ref-p (3x3):
      ref-p[    0]={ 0.00000e+00,  0.00000e+00,  0.00000e+00}
      ref-p[    1]={ 0.00000e+00,  0.00000e+00,  0.00000e+00}
      ref-p[    2]={ 0.00000e+00,  0.00000e+00,  0.00000e+00}
   refcoord-scaling               = COM
   posres-com (3):
      posres-com[0]= 0.00000e+00
      posres-com[1]= 0.00000e+00
      posres-com[2]= 0.00000e+00
   posres-comB (3):
      posres-comB[0]= 0.00000e+00
      posres-comB[1]= 0.00000e+00
      posres-comB[2]= 0.00000e+00
   QMMM                           = false
   QMconstraints                  = 0
   QMMMscheme                     = 0
   MMChargeScaleFactor            = 1
qm-opts:
   ngQM                           = 0
   constraint-algorithm           = Lincs
   continuation                   = false
   Shake-SOR                      = false
   shake-tol                      = 0.0001
   lincs-order                    = 4
   lincs-iter                     = 1
   lincs-warnangle                = 45
   nwall                          = 0
   wall-type                      = 9-3
   wall-r-linpot                  = -1
   wall-atomtype[0]               = -1
   wall-atomtype[1]               = -1
   wall-density[0]                = 0
   wall-density[1]                = 0
   wall-ewald-zfac                = 3
   pull                           = false
   awh                            = false
   rotation                       = false
   interactiveMD                  = false
   disre                          = No
   disre-weighting                = Conservative
   disre-mixed                    = false
   dr-fc                          = 1000
   dr-tau                         = 0
   nstdisreout                    = 100
   orire-fc                       = 0
   orire-tau                      = 0
   nstorireout                    = 100
   free-energy                    = no
   cos-acceleration               = 0
   deform (3x3):
      deform[    0]={ 0.00000e+00,  0.00000e+00,  0.00000e+00}
      deform[    1]={ 0.00000e+00,  0.00000e+00,  0.00000e+00}
      deform[    2]={ 0.00000e+00,  0.00000e+00,  0.00000e+00}
   simulated-tempering            = false
   swapcoords                     = no
   userint1                       = 0
   userint2                       = 0
   userint3                       = 0
   userint4                       = 0
   userreal1                      = 0
   userreal2                      = 0
   userreal3                      = 0
   userreal4                      = 0
   applied-forces:
     electric-field:
grpopts:
   nrdf:     54019.4     33135.6      196258
   ref-t:         310         310         310
   tau-t:         0.1         0.1         0.1
annealing:          No          No          No
annealing-npoints:           0           0           0
   acc:	           0           0           0
   nfreeze:           N           N           N
   energygrp-flags[  0]: 0

The -nsteps functionality is deprecated, and may be removed in a future version. Consider using gmx convert-tpr -nsteps or changing the appropriate .mdp file field.

Overriding nsteps with value passed on the command line: 10000 steps, 25 ps
Changing nstlist from 10 to 80, rlist from 1 to 1.129


Initializing Domain Decomposition on 16 ranks
Dynamic load balancing: locked
Minimum cell size due to atom displacement: 0.785 nm
Initial maximum distances in bonded interactions:
    two-body bonded interactions: 0.458 nm, LJ-14, atoms 2075 2313
  multi-body bonded interactions: 0.458 nm, Proper Dih., atoms 2075 2313
Minimum cell size due to bonded interactions: 0.504 nm
Maximum distance for 5 constraints, at 120 deg. angles, all-trans: 0.871 nm
Estimated maximum distance required for P-LINCS: 0.871 nm
This distance will limit the DD cell size, you can override this with -rcon
Using 0 separate PME ranks, as there are too few total
 ranks for efficient splitting
Scaling the initial minimum size with 1/0.8 (option -dds) = 1.25
Optimizing the DD grid for 16 cells with a minimum initial size of 1.089 nm
The maximum allowed number of cells is: X 8 Y 8 Z 13
Domain decomposition grid 4 x 1 x 4, separate PME ranks 0
PME domain decomposition: 16 x 1 x 1
Domain decomposition rank 0, coordinates 0 0 0

The initial number of communication pulses is: X 1 Z 1
The initial domain decomposition cell size is: X 2.44 nm Z 3.71 nm

The maximum allowed distance for atoms involved in interactions is:
                 non-bonded interactions           1.129 nm
            two-body bonded interactions  (-rdd)   1.129 nm
          multi-body bonded interactions  (-rdd)   1.129 nm
  atoms separated by up to 5 constraints  (-rcon)  2.436 nm

When dynamic load balancing gets turned on, these settings will change to:
The maximum number of communication pulses is: X 1 Z 1
The minimum size for domain decomposition cells is 1.129 nm
The requested allowed shrink of DD cells (option -dds) is: 0.80
The allowed shrink of domain decomposition cells is: X 0.46 Z 0.30
The maximum allowed distance for atoms involved in interactions is:
                 non-bonded interactions           1.129 nm
            two-body bonded interactions  (-rdd)   1.129 nm
          multi-body bonded interactions  (-rdd)   1.129 nm
  atoms separated by up to 5 constraints  (-rcon)  1.129 nm
Using two step summing over 2 groups of on average 8.0 ranks


Using 16 MPI processes
Using 4 OpenMP threads per MPI process

Pinning threads with an auto-selected logical core stride of 1
System total charge: 0.000
Will do PME sum in reciprocal space for electrostatic interactions.

++++ PLEASE READ AND CITE THE FOLLOWING REFERENCE ++++
U. Essmann, L. Perera, M. L. Berkowitz, T. Darden, H. Lee and L. G. Pedersen 
A smooth particle mesh Ewald method
J. Chem. Phys. 103 (1995) pp. 8577-8592
-------- -------- --- Thank You --- -------- --------

Using a Gaussian width (1/beta) of 0.320163 nm for Ewald
Potential shift: LJ r^-12: -1.000e+00 r^-6: -1.000e+00, Ewald -1.000e-05
Initialized non-bonded Ewald correction tables, spacing: 9.33e-04 size: 1073

Long Range LJ corr.: <C6> 6.7202e-04
Generated table with 1064 data points for Ewald.
Tabscale = 500 points/nm
Generated table with 1064 data points for LJ6.
Tabscale = 500 points/nm
Generated table with 1064 data points for LJ12.
Tabscale = 500 points/nm
Generated table with 1064 data points for 1-4 COUL.
Tabscale = 500 points/nm
Generated table with 1064 data points for 1-4 LJ6.
Tabscale = 500 points/nm
Generated table with 1064 data points for 1-4 LJ12.
Tabscale = 500 points/nm

Using SIMD 4x8 nonbonded short-range kernels

Using a dual 4x8 pair-list setup updated with dynamic pruning:
  outer list: updated every 80 steps, buffer 0.129 nm, rlist 1.129 nm
  inner list: updated every 13 steps, buffer 0.003 nm, rlist 1.003 nm
At tolerance 0.005 kJ/mol/ps per atom, equivalent classical 1x1 list would be:
  outer list: updated every 80 steps, buffer 0.279 nm, rlist 1.279 nm
  inner list: updated every 13 steps, buffer 0.061 nm, rlist 1.061 nm

Using Lorentz-Berthelot Lennard-Jones combination rule

Removing pbc first time

Initializing Parallel LINear Constraint Solver

++++ PLEASE READ AND CITE THE FOLLOWING REFERENCE ++++
B. Hess
P-LINCS: A Parallel Linear Constraint Solver for molecular simulation
J. Chem. Theory Comput. 4 (2008) pp. 116-122
-------- -------- --- Thank You --- -------- --------

The number of constraints is 43677
There are constraints between atoms in different decomposition domains,
will communicate selected coordinates each lincs iteration

++++ PLEASE READ AND CITE THE FOLLOWING REFERENCE ++++
S. Miyamoto and P. A. Kollman
SETTLE: An Analytical Version of the SHAKE and RATTLE Algorithms for Rigid
Water Models
J. Comp. Chem. 13 (1992) pp. 952-962
-------- -------- --- Thank You --- -------- --------


Linking all bonded interactions to atoms


The -noconfout functionality is deprecated, and may be removed in a future version.

Intra-simulation communication will occur every 10 steps.
Center of mass motion removal mode is Linear
We have the following groups for center of mass motion removal:
  0:  System

++++ PLEASE READ AND CITE THE FOLLOWING REFERENCE ++++
G. Bussi, D. Donadio and M. Parrinello
Canonical sampling through velocity rescaling
J. Chem. Phys. 126 (2007) pp. 014101
-------- -------- --- Thank You --- -------- --------

There are: 141677 Atoms
Atom distribution over 16 domains: av 8854 stddev 1544 min 6343 max 10619

Constraining the starting coordinates (step 0)

Constraining the coordinates at t0-dt (step 0)
RMS relative constraint deviation after constraining: 8.37e-06
Initial temperature: 308.788 K

Started mdrun on rank 0 Wed Nov 27 17:38:46 2019


The -resethway functionality is deprecated, and may be removed in a future version.
           Step           Time
              0        0.00000

   Energies (kJ/mol)
          Angle    Proper Dih. Ryckaert-Bell.  Improper Dih.  Improper Dih.
    8.90881e+04    8.15625e+04    1.56558e+04    1.81448e+03    3.30356e+03
          LJ-14     Coulomb-14        LJ (SR)  Disper. corr.   Coulomb (SR)
    4.75340e+04    3.40970e+05    7.67581e+04   -3.46877e+04   -2.51734e+06
   Coul. recip.      Potential    Kinetic En.   Total Energy  Conserved En.
    2.10405e+04   -1.87430e+06    3.64053e+05   -1.51025e+06   -1.51025e+06
    Temperature Pres. DC (bar) Pressure (bar)   Constr. rmsd
    3.08987e+02   -3.54583e+02    3.04844e+02    3.27406e-05


DD  step 79 load imb.: force 29.0%

step 160 Turning on dynamic load balancing, because the performance loss due to load imbalance is 10.0 %.

step 5000: resetting all time and cycle counters
Restarted time on rank 0 Wed Nov 27 17:39:13 2019


step 9600 Turning off dynamic load balancing, because it is degrading performance.
Atom distribution over 16 domains: av 8854 stddev 1538 min 6432 max 10686

DD  step 9999 load imb.: force 31.2%
           Step           Time
          10000       25.00000

   Energies (kJ/mol)
          Angle    Proper Dih. Ryckaert-Bell.  Improper Dih.  Improper Dih.
    8.86622e+04    8.15793e+04    1.53576e+04    1.91761e+03    3.28877e+03
          LJ-14     Coulomb-14        LJ (SR)  Disper. corr.   Coulomb (SR)
    4.74886e+04    3.41288e+05    7.54860e+04   -3.46877e+04   -2.51595e+06
   Coul. recip.      Potential    Kinetic En.   Total Energy  Conserved En.
    2.13216e+04   -1.87425e+06    3.64894e+05   -1.50935e+06   -1.52492e+06
    Temperature Pres. DC (bar) Pressure (bar)   Constr. rmsd
    3.09702e+02   -3.54583e+02    4.01519e+01    3.55533e-05

	<======  ###############  ==>
	<====  A V E R A G E S  ====>
	<==  ###############  ======>

	Statistics over 10001 steps using 1001 frames

   Energies (kJ/mol)
          Angle    Proper Dih. Ryckaert-Bell.  Improper Dih.  Improper Dih.
    8.88102e+04    8.15363e+04    1.53616e+04    1.87314e+03    3.29151e+03
          LJ-14     Coulomb-14        LJ (SR)  Disper. corr.   Coulomb (SR)
    4.75154e+04    3.40698e+05    7.48136e+04   -3.46877e+04   -2.51477e+06
   Coul. recip.      Potential    Kinetic En.   Total Energy  Conserved En.
    2.11188e+04   -1.87444e+06    3.65091e+05   -1.50935e+06   -1.51770e+06
    Temperature Pres. DC (bar) Pressure (bar)   Constr. rmsd
    3.09869e+02   -3.54583e+02   -5.48502e+00    0.00000e+00

   Total Virial (kJ/mol)
    1.23105e+05   -1.04757e+02   -7.81847e+01
   -1.03800e+02    1.22848e+05    2.14127e+02
   -7.32002e+01    2.12973e+02    1.19944e+05

   Pressure (bar)
   -9.39221e+00    1.22518e+00    3.34483e+00
    1.20563e+00   -2.87678e+00   -3.96941e+00
    3.24306e+00   -3.94584e+00   -4.18608e+00

      T-Protein         T-DOPCT-Water_and_ions
    3.09635e+02    3.09888e+02    3.09930e+02


	M E G A - F L O P S   A C C O U N T I N G

 NB=Group-cutoff nonbonded kernels    NxN=N-by-N cluster Verlet kernels
 RF=Reaction-Field  VdW=Van der Waals  QSTab=quadratic-spline table
 W3=SPC/TIP3p  W4=TIP4p (single or pairs)
 V&F=Potential and force  V=Potential only  F=Force only

 Computing:                               M-Number         M-Flops  % Flops
-----------------------------------------------------------------------------
 Pair Search distance check            4051.201916       36460.817     0.1
 NxN Ewald Elec. + LJ [F]            235935.770688    15571760.865    49.8
 NxN Ewald Elec. + LJ [V&F]           26267.323632     2810603.629     9.0
 NxN LJ [F]                           13745.195136      453591.439     1.5
 NxN LJ [V&F]                          1530.374560       65806.106     0.2
 NxN Ewald Elec. [F]                 137122.929216     8364498.682    26.8
 NxN Ewald Elec. [V&F]                15266.153872     1282356.925     4.1
 1,4 nonbonded interactions             405.081000       36457.290     0.1
 Calc Weights                          2125.580031       76520.881     0.2
 Spread Q Bspline                     45345.707328       90691.415     0.3
 Gather F Bspline                     45345.707328      272074.244     0.9
 3D-FFT                              237981.696822     1903853.575     6.1
 Solve PME                               46.089216        2949.710     0.0
 Reset In Box                             8.783974          26.352     0.0
 CG-CoM                                   8.925651          26.777     0.0
 Angles                                 341.813349       57424.643     0.2
 Propers                                429.380859       98328.217     0.3
 Impropers                               35.107020        7302.260     0.0
 RB-Dihedrals                            33.446688        8261.332     0.0
 Virial                                  71.340897        1284.136     0.0
 Stop-CM                                  7.225527          72.255     0.0
 Calc-Ekin                              141.818677        3829.104     0.0
 Lincs                                  301.285267       18077.116     0.1
 Lincs-Mat                             5668.607256       22674.429     0.1
 Constraint-V                          1122.254297        8978.034     0.0
 Constraint-Vir                          82.243306        1973.839     0.0
 Settle                                 173.227921       55952.618     0.2
-----------------------------------------------------------------------------
 Total                                                31251836.692   100.0
-----------------------------------------------------------------------------


    D O M A I N   D E C O M P O S I T I O N   S T A T I S T I C S

 av. #atoms communicated per step for force:  2 x 140320.2
 av. #atoms communicated per step for LINCS:  2 x 24552.2


Dynamic load balancing report:
 DLB was off during the run due to low measured imbalance.
 Average load imbalance: 2.0%.
 The balanceable part of the MD step is 36%, load imbalance is computed from this.
 Part of the total run time spent waiting due to load imbalance: 0.7%.


     R E A L   C Y C L E   A N D   T I M E   A C C O U N T I N G

On 16 MPI ranks, each using 4 OpenMP threads

 Computing:          Num   Num      Call    Wall time         Giga-Cycles
                     Ranks Threads  Count      (s)         total sum    %
-----------------------------------------------------------------------------
 Domain decomp.        16    4         63       0.324         53.719   1.0
 DD comm. load         16    4         59       0.001          0.238   0.0
 DD comm. bounds       16    4         57       0.010          1.649   0.0
 Neighbor search       16    4         63       0.321         53.354   1.0
 Comm. coord.          16    4       4938       1.010        167.599   3.0
 Force                 16    4       5001      10.100       1676.815  30.4
 Wait + Comm. F        16    4       5001       1.216        201.854   3.7
 PME mesh              16    4       5001      16.422       2726.289  49.3
 NB X/F buffer ops.    16    4      14877       0.404         67.028   1.2
 Update                16    4       5001       0.157         26.074   0.5
 Constraints           16    4       5001       3.124        518.678   9.4
 Comm. energies        16    4        501       0.088         14.612   0.3
 Rest                                           0.102         16.980   0.3
-----------------------------------------------------------------------------
 Total                                         33.280       5524.889 100.0
-----------------------------------------------------------------------------
 Breakdown of PME mesh computation
-----------------------------------------------------------------------------
 PME redist. X/F       16    4      10002       6.294       1044.949  18.9
 PME spread            16    4       5001       2.132        353.908   6.4
 PME gather            16    4       5001       1.067        177.098   3.2
 PME 3D-FFT            16    4      10002       1.343        222.898   4.0
 PME 3D-FFT Comm.      16    4      10002       5.297        879.447  15.9
 PME solve Elec        16    4       5001       0.254         42.106   0.8
-----------------------------------------------------------------------------

               Core t (s)   Wall t (s)        (%)
       Time:     2128.182       33.280     6394.8
                 (ns/day)    (hour/ns)
Performance:       32.459        0.739
Finished mdrun on rank 0 Wed Nov 27 17:39:46 2019

